  AnimatedTexture.cpp
c:\users\2339695\desktop\stephen benner\games\alpha\alpha\mathhelper.h(92): warning C4244: 'argument': conversion from 'double' to 'float', possible loss of data
  AssetManager.cpp
  AudioManager.cpp
  Bank.cpp
c:\users\2339695\desktop\stephen benner\games\alpha\alpha\mathhelper.h(92): warning C4244: 'argument': conversion from 'double' to 'float', possible loss of data
c:\users\2339695\desktop\stephen benner\games\alpha\alpha\bank.cpp(101): warning C4018: '<': signed/unsigned mismatch
c:\users\2339695\desktop\stephen benner\games\alpha\alpha\bank.cpp(132): warning C4018: '<': signed/unsigned mismatch
c:\users\2339695\desktop\stephen benner\games\alpha\alpha\bank.cpp(158): warning C4018: '<': signed/unsigned mismatch
c:\users\2339695\desktop\stephen benner\games\alpha\alpha\bank.cpp(168): warning C4244: 'argument': conversion from 'double' to 'float', possible loss of data
c:\users\2339695\desktop\stephen benner\games\alpha\alpha\bank.cpp(192): warning C4018: '<': signed/unsigned mismatch
c:\users\2339695\desktop\stephen benner\games\alpha\alpha\bank.cpp(211): warning C4018: '<': signed/unsigned mismatch
c:\users\2339695\desktop\stephen benner\games\alpha\alpha\bank.cpp(240): warning C4018: '<': signed/unsigned mismatch
c:\users\2339695\desktop\stephen benner\games\alpha\alpha\bank.cpp(266): warning C4018: '<': signed/unsigned mismatch
c:\users\2339695\desktop\stephen benner\games\alpha\alpha\bank.cpp(279): warning C4018: '<': signed/unsigned mismatch
c:\users\2339695\desktop\stephen benner\games\alpha\alpha\bank.cpp(281): warning C4244: 'argument': conversion from 'int' to 'float', possible loss of data
c:\users\2339695\desktop\stephen benner\games\alpha\alpha\bank.cpp(327): warning C4018: '<': signed/unsigned mismatch
c:\users\2339695\desktop\stephen benner\games\alpha\alpha\bank.cpp(345): warning C4018: '<': signed/unsigned mismatch
c:\users\2339695\desktop\stephen benner\games\alpha\alpha\bank.cpp(347): warning C4244: 'argument': conversion from 'int' to 'float', possible loss of data
c:\users\2339695\desktop\stephen benner\games\alpha\alpha\bank.cpp(371): warning C4018: '<': signed/unsigned mismatch
c:\users\2339695\desktop\stephen benner\games\alpha\alpha\bank.cpp(415): warning C4018: '<': signed/unsigned mismatch
c:\users\2339695\desktop\stephen benner\games\alpha\alpha\bank.cpp(417): warning C4244: 'argument': conversion from 'int' to 'float', possible loss of data
c:\users\2339695\desktop\stephen benner\games\alpha\alpha\bank.cpp(435): warning C4018: '>': signed/unsigned mismatch
c:\users\2339695\desktop\stephen benner\games\alpha\alpha\bank.cpp(437): warning C4018: '>': signed/unsigned mismatch
c:\users\2339695\desktop\stephen benner\games\alpha\alpha\bank.cpp(445): warning C4018: '<': signed/unsigned mismatch
c:\users\2339695\desktop\stephen benner\games\alpha\alpha\bank.cpp(447): warning C4244: 'argument': conversion from 'int' to 'float', possible loss of data
c:\users\2339695\desktop\stephen benner\games\alpha\alpha\bank.cpp(466): warning C4018: '<': signed/unsigned mismatch
c:\users\2339695\desktop\stephen benner\games\alpha\alpha\bank.cpp(505): warning C4018: '<': signed/unsigned mismatch
c:\users\2339695\desktop\stephen benner\games\alpha\alpha\bank.cpp(507): warning C4244: 'argument': conversion from 'int' to 'float', possible loss of data
c:\users\2339695\desktop\stephen benner\games\alpha\alpha\bank.cpp(484): warning C4101: 'i': unreferenced local variable
  Combat.cpp
c:\users\2339695\desktop\stephen benner\games\alpha\alpha\skills.h(58): warning C4244: 'return': conversion from 'double' to 'int', possible loss of data
c:\users\2339695\desktop\stephen benner\games\alpha\alpha\combat.cpp(235): warning C4244: 'argument': conversion from 'double' to 'float', possible loss of data
c:\users\2339695\desktop\stephen benner\games\alpha\alpha\combat.cpp(385): warning C4244: '*=': conversion from 'double' to 'int', possible loss of data
c:\users\2339695\desktop\stephen benner\games\alpha\alpha\combat.cpp(518): warning C4244: 'argument': conversion from 'int' to 'float', possible loss of data
c:\users\2339695\desktop\stephen benner\games\alpha\alpha\combat.cpp(534): warning C4244: 'argument': conversion from 'int' to 'float', possible loss of data
c:\users\2339695\desktop\stephen benner\games\alpha\alpha\combat.cpp(548): warning C4244: 'argument': conversion from 'int' to 'float', possible loss of data
c:\users\2339695\desktop\stephen benner\games\alpha\alpha\combat.cpp(564): warning C4244: 'argument': conversion from 'int' to 'float', possible loss of data
  CombatAssistant.cpp
c:\users\2339695\desktop\stephen benner\games\alpha\alpha\skills.h(58): warning C4244: 'return': conversion from 'double' to 'int', possible loss of data
c:\users\2339695\desktop\stephen benner\games\alpha\alpha\combatassistant.cpp(33): warning C4018: '<': signed/unsigned mismatch
c:\users\2339695\desktop\stephen benner\games\alpha\alpha\combatassistant.cpp(261): warning C4244: '*=': conversion from 'double' to 'int', possible loss of data
c:\users\2339695\desktop\stephen benner\games\alpha\alpha\combatassistant.cpp(263): warning C4244: '*=': conversion from 'double' to 'int', possible loss of data
c:\users\2339695\desktop\stephen benner\games\alpha\alpha\combatassistant.cpp(267): warning C4244: '*=': conversion from 'double' to 'int', possible loss of data
c:\users\2339695\desktop\stephen benner\games\alpha\alpha\combatassistant.cpp(282): warning C4244: 'argument': conversion from 'double' to 'int', possible loss of data
c:\users\2339695\desktop\stephen benner\games\alpha\alpha\combatassistant.cpp(286): warning C4244: 'argument': conversion from 'double' to 'int', possible loss of data
c:\users\2339695\desktop\stephen benner\games\alpha\alpha\combatassistant.cpp(296): warning C4244: 'argument': conversion from 'double' to 'int', possible loss of data
c:\users\2339695\desktop\stephen benner\games\alpha\alpha\combatassistant.cpp(301): warning C4244: 'argument': conversion from 'double' to 'int', possible loss of data
c:\users\2339695\desktop\stephen benner\games\alpha\alpha\combatassistant.cpp(304): warning C4244: '=': conversion from 'double' to 'int', possible loss of data
c:\users\2339695\desktop\stephen benner\games\alpha\alpha\combatassistant.cpp(309): warning C4244: 'argument': conversion from 'double' to 'int', possible loss of data
c:\users\2339695\desktop\stephen benner\games\alpha\alpha\combatassistant.cpp(314): warning C4244: 'argument': conversion from 'double' to 'int', possible loss of data
c:\users\2339695\desktop\stephen benner\games\alpha\alpha\combatassistant.cpp(331): warning C4244: 'argument': conversion from 'double' to 'int', possible loss of data
c:\users\2339695\desktop\stephen benner\games\alpha\alpha\combatassistant.cpp(377): warning C4244: '=': conversion from 'double' to 'int', possible loss of data
c:\users\2339695\desktop\stephen benner\games\alpha\alpha\combatassistant.cpp(380): warning C4244: '*=': conversion from 'double' to 'int', possible loss of data
  CombatTab.cpp
c:\users\2339695\desktop\stephen benner\games\alpha\alpha\mathhelper.h(92): warning C4244: 'argument': conversion from 'double' to 'float', possible loss of data
c:\users\2339695\desktop\stephen benner\games\alpha\alpha\combattab.cpp(125): warning C4244: 'argument': conversion from 'int' to 'float', possible loss of data
c:\users\2339695\desktop\stephen benner\games\alpha\alpha\combattab.cpp(139): warning C4244: 'argument': conversion from 'int' to 'float', possible loss of data
c:\users\2339695\desktop\stephen benner\games\alpha\alpha\combattab.cpp(147): warning C4244: 'argument': conversion from 'int' to 'float', possible loss of data
c:\users\2339695\desktop\stephen benner\games\alpha\alpha\combattab.cpp(161): warning C4244: 'argument': conversion from 'int' to 'float', possible loss of data
c:\users\2339695\desktop\stephen benner\games\alpha\alpha\combattab.cpp(169): warning C4244: 'argument': conversion from 'int' to 'float', possible loss of data
c:\users\2339695\desktop\stephen benner\games\alpha\alpha\combattab.cpp(183): warning C4244: 'argument': conversion from 'int' to 'float', possible loss of data
  Cooking.cpp
c:\users\2339695\desktop\stephen benner\games\alpha\alpha\skills.h(58): warning C4244: 'return': conversion from 'double' to 'int', possible loss of data
c:\users\2339695\desktop\stephen benner\games\alpha\alpha\cooking.cpp(33): warning C4018: '>=': signed/unsigned mismatch
c:\users\2339695\desktop\stephen benner\games\alpha\alpha\cooking.cpp(51): warning C4018: '<': signed/unsigned mismatch
  Crafting.cpp
c:\users\2339695\desktop\stephen benner\games\alpha\alpha\mathhelper.h(92): warning C4244: 'argument': conversion from 'double' to 'float', possible loss of data
c:\users\2339695\desktop\stephen benner\games\alpha\alpha\skills.h(58): warning C4244: 'return': conversion from 'double' to 'int', possible loss of data
c:\users\2339695\desktop\stephen benner\games\alpha\alpha\crafting.cpp(34): warning C4018: '<': signed/unsigned mismatch
c:\users\2339695\desktop\stephen benner\games\alpha\alpha\crafting.cpp(63): warning C4018: '<': signed/unsigned mismatch
  DefinitionLoader.cpp
c:\users\2339695\desktop\stephen benner\games\alpha\alpha\definitionloader.cpp(368): warning C4018: '<': signed/unsigned mismatch
c:\users\2339695\desktop\stephen benner\games\alpha\alpha\definitionloader.cpp(379): warning C4018: '<': signed/unsigned mismatch
c:\users\2339695\desktop\stephen benner\games\alpha\alpha\definitionloader.cpp(390): warning C4018: '<': signed/unsigned mismatch
c:\users\2339695\desktop\stephen benner\games\alpha\alpha\definitionloader.cpp(401): warning C4018: '<': signed/unsigned mismatch
c:\users\2339695\desktop\stephen benner\games\alpha\alpha\definitionloader.cpp(412): warning C4018: '<': signed/unsigned mismatch
c:\users\2339695\desktop\stephen benner\games\alpha\alpha\definitionloader.cpp(423): warning C4018: '<': signed/unsigned mismatch
c:\users\2339695\desktop\stephen benner\games\alpha\alpha\definitionloader.cpp(434): warning C4018: '<': signed/unsigned mismatch
c:\users\2339695\desktop\stephen benner\games\alpha\alpha\definitionloader.cpp(445): warning C4018: '<': signed/unsigned mismatch
c:\users\2339695\desktop\stephen benner\games\alpha\alpha\definitionloader.cpp(456): warning C4018: '<': signed/unsigned mismatch
c:\users\2339695\desktop\stephen benner\games\alpha\alpha\definitionloader.cpp(467): warning C4018: '<': signed/unsigned mismatch
c:\users\2339695\desktop\stephen benner\games\alpha\alpha\definitionloader.cpp(478): warning C4018: '<': signed/unsigned mismatch
  Equipment.cpp
c:\users\2339695\desktop\stephen benner\games\alpha\alpha\mathhelper.h(92): warning C4244: 'argument': conversion from 'double' to 'float', possible loss of data
c:\users\2339695\desktop\stephen benner\games\alpha\alpha\skills.h(58): warning C4244: 'return': conversion from 'double' to 'int', possible loss of data
c:\users\2339695\desktop\stephen benner\games\alpha\alpha\equipment.cpp(170): warning C4018: '<': signed/unsigned mismatch
c:\users\2339695\desktop\stephen benner\games\alpha\alpha\equipment.cpp(242): warning C4018: '<': signed/unsigned mismatch
  EscapeMenu.cpp
c:\users\2339695\desktop\stephen benner\games\alpha\alpha\mathhelper.h(92): warning C4244: 'argument': conversion from 'double' to 'float', possible loss of data
  Fishing.cpp
c:\users\2339695\desktop\stephen benner\games\alpha\alpha\skills.h(58): warning C4244: 'return': conversion from 'double' to 'int', possible loss of data
c:\users\2339695\desktop\stephen benner\games\alpha\alpha\fishing.cpp(64): warning C4552: '-': result of expression not used
c:\users\2339695\desktop\stephen benner\games\alpha\alpha\fishing.cpp(83): warning C4018: '>': signed/unsigned mismatch
  Fletching.cpp
c:\users\2339695\desktop\stephen benner\games\alpha\alpha\mathhelper.h(92): warning C4244: 'argument': conversion from 'double' to 'float', possible loss of data
c:\users\2339695\desktop\stephen benner\games\alpha\alpha\skills.h(58): warning C4244: 'return': conversion from 'double' to 'int', possible loss of data
c:\users\2339695\desktop\stephen benner\games\alpha\alpha\fletching.cpp(33): warning C4018: '<': signed/unsigned mismatch
c:\users\2339695\desktop\stephen benner\games\alpha\alpha\fletching.cpp(55): warning C4018: '<': signed/unsigned mismatch
c:\users\2339695\desktop\stephen benner\games\alpha\alpha\fletching.cpp(459): warning C4244: 'argument': conversion from 'double' to 'int', possible loss of data
c:\users\2339695\desktop\stephen benner\games\alpha\alpha\fletching.cpp(505): warning C4244: 'argument': conversion from 'double' to 'int', possible loss of data
c:\users\2339695\desktop\stephen benner\games\alpha\alpha\fletching.cpp(528): warning C4244: 'argument': conversion from 'double' to 'int', possible loss of data
c:\users\2339695\desktop\stephen benner\games\alpha\alpha\fletching.cpp(551): warning C4244: 'argument': conversion from 'double' to 'int', possible loss of data
c:\users\2339695\desktop\stephen benner\games\alpha\alpha\fletching.cpp(574): warning C4244: 'argument': conversion from 'double' to 'int', possible loss of data
c:\users\2339695\desktop\stephen benner\games\alpha\alpha\fletching.cpp(637): warning C4244: 'argument': conversion from 'double' to 'int', possible loss of data
c:\users\2339695\desktop\stephen benner\games\alpha\alpha\fletching.cpp(660): warning C4244: 'argument': conversion from 'double' to 'int', possible loss of data
c:\users\2339695\desktop\stephen benner\games\alpha\alpha\fletching.cpp(706): warning C4244: 'argument': conversion from 'double' to 'int', possible loss of data
c:\users\2339695\desktop\stephen benner\games\alpha\alpha\fletching.cpp(752): warning C4244: 'argument': conversion from 'double' to 'int', possible loss of data
  FormulaData.cpp
c:\users\2339695\desktop\stephen benner\games\alpha\alpha\formuladata.cpp(5): warning C4244: 'argument': conversion from 'time_t' to 'unsigned int', possible loss of data
  GameEntity.cpp
c:\users\2339695\desktop\stephen benner\games\alpha\alpha\mathhelper.h(92): warning C4244: 'argument': conversion from 'double' to 'float', possible loss of data
  GameManager.cpp
c:\users\2339695\desktop\stephen benner\games\alpha\alpha\gamemanager.cpp(39): warning C4244: 'argument': conversion from 'time_t' to 'unsigned int', possible loss of data
  Graphics.cpp
c:\users\2339695\desktop\stephen benner\games\alpha\alpha\graphics.cpp(43): warning C4551: function call missing argument list
c:\users\2339695\desktop\stephen benner\games\alpha\alpha\graphics.cpp(44): warning C4551: function call missing argument list
c:\users\2339695\desktop\stephen benner\games\alpha\alpha\graphics.cpp(45): warning C4551: function call missing argument list
  Ground.cpp
c:\users\2339695\desktop\stephen benner\games\alpha\alpha\mathhelper.h(92): warning C4244: 'argument': conversion from 'double' to 'float', possible loss of data
c:\users\2339695\desktop\stephen benner\games\alpha\alpha\ground.cpp(28): warning C4244: 'argument': conversion from 'int' to 'float', possible loss of data
c:\users\2339695\desktop\stephen benner\games\alpha\alpha\ground.cpp(117): warning C4018: '<': signed/unsigned mismatch
c:\users\2339695\desktop\stephen benner\games\alpha\alpha\ground.cpp(170): warning C4018: '<': signed/unsigned mismatch
c:\users\2339695\desktop\stephen benner\games\alpha\alpha\ground.cpp(192): warning C4018: '<': signed/unsigned mismatch
c:\users\2339695\desktop\stephen benner\games\alpha\alpha\ground.cpp(211): warning C4018: '<': signed/unsigned mismatch
  Herblore.cpp
c:\users\2339695\desktop\stephen benner\games\alpha\alpha\mathhelper.h(92): warning C4244: 'argument': conversion from 'double' to 'float', possible loss of data
c:\users\2339695\desktop\stephen benner\games\alpha\alpha\skills.h(58): warning C4244: 'return': conversion from 'double' to 'int', possible loss of data
  Generating Code...
c:\users\2339695\desktop\stephen benner\games\alpha\alpha\herblore.cpp(162): warning C4715: 'Herblore::decant': not all control paths return a value
  Compiling...
  InputManager.cpp
c:\users\2339695\desktop\stephen benner\games\alpha\alpha\mathhelper.h(92): warning C4244: 'argument': conversion from 'double' to 'float', possible loss of data
  Inventory.cpp
c:\users\2339695\desktop\stephen benner\games\alpha\alpha\mathhelper.h(92): warning C4244: 'argument': conversion from 'double' to 'float', possible loss of data
c:\users\2339695\desktop\stephen benner\games\alpha\alpha\skills.h(58): warning C4244: 'return': conversion from 'double' to 'int', possible loss of data
c:\users\2339695\desktop\stephen benner\games\alpha\alpha\inventory.cpp(32): warning C4244: 'argument': conversion from 'int' to 'float', possible loss of data
c:\users\2339695\desktop\stephen benner\games\alpha\alpha\inventory.cpp(232): warning C4244: 'argument': conversion from 'double' to 'float', possible loss of data
c:\users\2339695\desktop\stephen benner\games\alpha\alpha\inventory.cpp(454): warning C4018: '<': signed/unsigned mismatch
c:\users\2339695\desktop\stephen benner\games\alpha\alpha\inventory.cpp(479): warning C4018: '<': signed/unsigned mismatch
c:\users\2339695\desktop\stephen benner\games\alpha\alpha\inventory.cpp(568): warning C4018: '<': signed/unsigned mismatch
  Item.cpp
c:\users\2339695\desktop\stephen benner\games\alpha\alpha\mathhelper.h(92): warning C4244: 'argument': conversion from 'double' to 'float', possible loss of data
c:\users\2339695\desktop\stephen benner\games\alpha\alpha\item.cpp(88): warning C4018: '<': signed/unsigned mismatch
c:\users\2339695\desktop\stephen benner\games\alpha\alpha\item.cpp(95): warning C4018: '<': signed/unsigned mismatch
  LoginScreen.cpp
c:\users\2339695\desktop\stephen benner\games\alpha\alpha\mathhelper.h(92): warning C4244: 'argument': conversion from 'double' to 'float', possible loss of data
c:\users\2339695\desktop\stephen benner\games\alpha\alpha\loginscreen.cpp(57): warning C4244: 'argument': conversion from 'const int' to 'float', possible loss of data
  Magic.cpp
c:\users\2339695\desktop\stephen benner\games\alpha\alpha\skills.h(58): warning C4244: 'return': conversion from 'double' to 'int', possible loss of data
c:\users\2339695\desktop\stephen benner\games\alpha\alpha\magic.cpp(67): warning C4244: 'argument': conversion from 'int' to 'float', possible loss of data
c:\users\2339695\desktop\stephen benner\games\alpha\alpha\magic.cpp(172): warning C4018: '<': signed/unsigned mismatch
c:\users\2339695\desktop\stephen benner\games\alpha\alpha\magic.cpp(175): warning C4018: '<': signed/unsigned mismatch
c:\users\2339695\desktop\stephen benner\games\alpha\alpha\magic.cpp(178): warning C4018: '<': signed/unsigned mismatch
c:\users\2339695\desktop\stephen benner\games\alpha\alpha\magic.cpp(181): warning C4018: '<': signed/unsigned mismatch
c:\users\2339695\desktop\stephen benner\games\alpha\alpha\magic.cpp(200): warning C4018: '<': signed/unsigned mismatch
c:\users\2339695\desktop\stephen benner\games\alpha\alpha\magic.cpp(203): warning C4018: '<': signed/unsigned mismatch
c:\users\2339695\desktop\stephen benner\games\alpha\alpha\magic.cpp(206): warning C4018: '<': signed/unsigned mismatch
c:\users\2339695\desktop\stephen benner\games\alpha\alpha\magic.cpp(209): warning C4018: '<': signed/unsigned mismatch
  MagicFomrulas.cpp
c:\users\2339695\desktop\stephen benner\games\alpha\alpha\skills.h(58): warning C4244: 'return': conversion from 'double' to 'int', possible loss of data
  main.cpp
  Market.cpp
c:\users\2339695\desktop\stephen benner\games\alpha\alpha\market.cpp(30): warning C4244: 'argument': conversion from 'int' to 'float', possible loss of data
c:\users\2339695\desktop\stephen benner\games\alpha\alpha\market.cpp(75): warning C4018: '<': signed/unsigned mismatch
c:\users\2339695\desktop\stephen benner\games\alpha\alpha\market.cpp(100): warning C4018: '<': signed/unsigned mismatch
  MeleeFormulas.cpp
c:\users\2339695\desktop\stephen benner\games\alpha\alpha\skills.h(58): warning C4244: 'return': conversion from 'double' to 'int', possible loss of data
  Mining.cpp
c:\users\2339695\desktop\stephen benner\games\alpha\alpha\skills.h(58): warning C4244: 'return': conversion from 'double' to 'int', possible loss of data
c:\users\2339695\desktop\stephen benner\games\alpha\alpha\mining.cpp(70): warning C4552: '-': result of expression not used
c:\users\2339695\desktop\stephen benner\games\alpha\alpha\mining.cpp(87): warning C4018: '>': signed/unsigned mismatch
  Npc.cpp
c:\users\2339695\desktop\stephen benner\games\alpha\alpha\mathhelper.h(92): warning C4244: 'argument': conversion from 'double' to 'float', possible loss of data
  Player.cpp
c:\users\2339695\desktop\stephen benner\games\alpha\alpha\skills.h(58): warning C4244: 'return': conversion from 'double' to 'int', possible loss of data
  PlayerHUD.cpp
c:\users\2339695\desktop\stephen benner\games\alpha\alpha\skills.h(58): warning C4244: 'return': conversion from 'double' to 'int', possible loss of data
c:\users\2339695\desktop\stephen benner\games\alpha\alpha\playerhud.cpp(139): warning C4018: '>': signed/unsigned mismatch
c:\users\2339695\desktop\stephen benner\games\alpha\alpha\playerhud.cpp(188): warning C4244: 'argument': conversion from 'double' to 'float', possible loss of data
c:\users\2339695\desktop\stephen benner\games\alpha\alpha\playerhud.cpp(191): warning C4244: 'argument': conversion from 'double' to 'float', possible loss of data
  Prayer.cpp
c:\users\2339695\desktop\stephen benner\games\alpha\alpha\mathhelper.h(92): warning C4244: 'argument': conversion from 'double' to 'float', possible loss of data
c:\users\2339695\desktop\stephen benner\games\alpha\alpha\skills.h(58): warning C4244: 'return': conversion from 'double' to 'int', possible loss of data
c:\users\2339695\desktop\stephen benner\games\alpha\alpha\prayer.cpp(81): warning C4244: 'argument': conversion from 'double' to 'int', possible loss of data
  PrayerBook.cpp
c:\users\2339695\desktop\stephen benner\games\alpha\alpha\skills.h(58): warning C4244: 'return': conversion from 'double' to 'int', possible loss of data
c:\users\2339695\desktop\stephen benner\games\alpha\alpha\prayerbook.cpp(67): warning C4244: 'argument': conversion from 'int' to 'float', possible loss of data
  RangedFormulas.cpp
c:\users\2339695\desktop\stephen benner\games\alpha\alpha\skills.h(58): warning C4244: 'return': conversion from 'double' to 'int', possible loss of data
  Runecrafting.cpp
c:\users\2339695\desktop\stephen benner\games\alpha\alpha\skills.h(58): warning C4244: 'return': conversion from 'double' to 'int', possible loss of data
  ScreenManager.cpp
  SetBonus.cpp
c:\users\2339695\desktop\stephen benner\games\alpha\alpha\skills.h(58): warning C4244: 'return': conversion from 'double' to 'int', possible loss of data
  Shop.cpp
c:\users\2339695\desktop\stephen benner\games\alpha\alpha\shop.cpp(14): warning C4018: '<': signed/unsigned mismatch
c:\users\2339695\desktop\stephen benner\games\alpha\alpha\shop.cpp(17): warning C4244: 'argument': conversion from 'int' to 'float', possible loss of data
c:\users\2339695\desktop\stephen benner\games\alpha\alpha\shop.cpp(131): warning C4018: '<': signed/unsigned mismatch
c:\users\2339695\desktop\stephen benner\games\alpha\alpha\shop.cpp(157): warning C4018: '<': signed/unsigned mismatch
c:\users\2339695\desktop\stephen benner\games\alpha\alpha\shop.cpp(168): warning C4244: 'argument': conversion from 'double' to 'float', possible loss of data
c:\users\2339695\desktop\stephen benner\games\alpha\alpha\shop.cpp(184): warning C4244: 'argument': conversion from 'double' to 'float', possible loss of data
c:\users\2339695\desktop\stephen benner\games\alpha\alpha\shop.cpp(191): warning C4018: '<': signed/unsigned mismatch
c:\users\2339695\desktop\stephen benner\games\alpha\alpha\shop.cpp(220): warning C4018: '<': signed/unsigned mismatch
c:\users\2339695\desktop\stephen benner\games\alpha\alpha\shop.cpp(239): warning C4018: '<': signed/unsigned mismatch
c:\users\2339695\desktop\stephen benner\games\alpha\alpha\shop.cpp(248): warning C4018: '<': signed/unsigned mismatch
c:\users\2339695\desktop\stephen benner\games\alpha\alpha\shop.cpp(278): warning C4018: '<': signed/unsigned mismatch
c:\users\2339695\desktop\stephen benner\games\alpha\alpha\shop.cpp(291): warning C4018: '<': signed/unsigned mismatch
c:\users\2339695\desktop\stephen benner\games\alpha\alpha\shop.cpp(303): warning C4018: '<': signed/unsigned mismatch
c:\users\2339695\desktop\stephen benner\games\alpha\alpha\shop.cpp(305): warning C4244: 'argument': conversion from 'int' to 'float', possible loss of data
c:\users\2339695\desktop\stephen benner\games\alpha\alpha\shop.cpp(319): warning C4018: '<=': signed/unsigned mismatch
c:\users\2339695\desktop\stephen benner\games\alpha\alpha\shop.cpp(359): warning C4018: '<': signed/unsigned mismatch
c:\users\2339695\desktop\stephen benner\games\alpha\alpha\shop.cpp(361): warning C4244: 'argument': conversion from 'int' to 'float', possible loss of data
c:\users\2339695\desktop\stephen benner\games\alpha\alpha\shop.cpp(399): warning C4244: 'initializing': conversion from 'double' to 'int', possible loss of data
  Generating Code...
  Compiling...
  Skills.cpp
c:\users\2339695\desktop\stephen benner\games\alpha\alpha\skills.h(58): warning C4244: 'return': conversion from 'double' to 'int', possible loss of data
c:\users\2339695\desktop\stephen benner\games\alpha\alpha\skills.cpp(60): warning C4018: '<': signed/unsigned mismatch
c:\users\2339695\desktop\stephen benner\games\alpha\alpha\skills.cpp(80): warning C4244: 'argument': conversion from 'int' to 'float', possible loss of data
c:\users\2339695\desktop\stephen benner\games\alpha\alpha\skills.cpp(82): warning C4244: 'argument': conversion from 'int' to 'float', possible loss of data
c:\users\2339695\desktop\stephen benner\games\alpha\alpha\skills.cpp(96): warning C4018: '<': signed/unsigned mismatch
c:\users\2339695\desktop\stephen benner\games\alpha\alpha\skills.cpp(115): warning C4018: '<': signed/unsigned mismatch
c:\users\2339695\desktop\stephen benner\games\alpha\alpha\skills.cpp(122): warning C4018: '<': signed/unsigned mismatch
c:\users\2339695\desktop\stephen benner\games\alpha\alpha\skills.cpp(138): warning C4244: 'argument': conversion from 'int' to 'float', possible loss of data
c:\users\2339695\desktop\stephen benner\games\alpha\alpha\skills.cpp(140): warning C4244: 'argument': conversion from 'int' to 'float', possible loss of data
c:\users\2339695\desktop\stephen benner\games\alpha\alpha\skills.cpp(191): warning C4244: '+=': conversion from 'double' to 'int', possible loss of data
c:\users\2339695\desktop\stephen benner\games\alpha\alpha\skills.cpp(198): warning C4244: '+=': conversion from 'double' to 'int', possible loss of data
c:\users\2339695\desktop\stephen benner\games\alpha\alpha\skills.cpp(201): warning C4244: '=': conversion from 'double' to 'int', possible loss of data
c:\users\2339695\desktop\stephen benner\games\alpha\alpha\skills.cpp(259): warning C4244: '=': conversion from 'double' to 'int', possible loss of data
c:\users\2339695\desktop\stephen benner\games\alpha\alpha\skills.cpp(268): warning C4244: '=': conversion from 'double' to 'int', possible loss of data
  Slayer.cpp
c:\users\2339695\desktop\stephen benner\games\alpha\alpha\skills.h(58): warning C4244: 'return': conversion from 'double' to 'int', possible loss of data
c:\users\2339695\desktop\stephen benner\games\alpha\alpha\slayer.cpp(246): warning C4244: 'argument': conversion from 'int' to 'float', possible loss of data
c:\users\2339695\desktop\stephen benner\games\alpha\alpha\slayer.cpp(409): warning C4018: '<': signed/unsigned mismatch
  Smithing.cpp
c:\users\2339695\desktop\stephen benner\games\alpha\alpha\skills.h(58): warning C4244: 'return': conversion from 'double' to 'int', possible loss of data
c:\users\2339695\desktop\stephen benner\games\alpha\alpha\smithing.cpp(47): warning C4244: 'argument': conversion from 'int' to 'float', possible loss of data
c:\users\2339695\desktop\stephen benner\games\alpha\alpha\smithing.cpp(74): warning C4244: 'argument': conversion from 'int' to 'float', possible loss of data
c:\users\2339695\desktop\stephen benner\games\alpha\alpha\smithing.cpp(151): warning C4244: 'argument': conversion from 'int' to 'float', possible loss of data
c:\users\2339695\desktop\stephen benner\games\alpha\alpha\smithing.cpp(170): warning C4018: '>=': signed/unsigned mismatch
c:\users\2339695\desktop\stephen benner\games\alpha\alpha\smithing.cpp(191): warning C4244: 'argument': conversion from 'int' to 'float', possible loss of data
c:\users\2339695\desktop\stephen benner\games\alpha\alpha\smithing.cpp(196): warning C4244: 'argument': conversion from 'int' to 'float', possible loss of data
c:\users\2339695\desktop\stephen benner\games\alpha\alpha\smithing.cpp(202): warning C4244: 'argument': conversion from 'int' to 'float', possible loss of data
c:\users\2339695\desktop\stephen benner\games\alpha\alpha\smithing.cpp(223): warning C4018: '<': signed/unsigned mismatch
  Texture.cpp
c:\users\2339695\desktop\stephen benner\games\alpha\alpha\mathhelper.h(92): warning C4244: 'argument': conversion from 'double' to 'float', possible loss of data
c:\users\2339695\desktop\stephen benner\games\alpha\alpha\texture.cpp(75): warning C4244: 'argument': conversion from 'int' to 'float', possible loss of data
  Timer.cpp
  Woodcutting.cpp
c:\users\2339695\desktop\stephen benner\games\alpha\alpha\skills.h(58): warning C4244: 'return': conversion from 'double' to 'int', possible loss of data
c:\users\2339695\desktop\stephen benner\games\alpha\alpha\woodcutting.cpp(88): warning C4552: '-': result of expression not used
c:\users\2339695\desktop\stephen benner\games\alpha\alpha\woodcutting.cpp(105): warning C4018: '>': signed/unsigned mismatch
  Workshop.cpp
c:\users\2339695\desktop\stephen benner\games\alpha\alpha\skills.h(58): warning C4244: 'return': conversion from 'double' to 'int', possible loss of data
c:\users\2339695\desktop\stephen benner\games\alpha\alpha\workshop.cpp(53): warning C4244: 'argument': conversion from 'int' to 'float', possible loss of data
c:\users\2339695\desktop\stephen benner\games\alpha\alpha\workshop.cpp(188): warning C4018: '>=': signed/unsigned mismatch
  World.cpp
  WorldMap.cpp
c:\users\2339695\desktop\stephen benner\games\alpha\alpha\worldmap.cpp(189): warning C4018: '<': signed/unsigned mismatch
c:\users\2339695\desktop\stephen benner\games\alpha\alpha\worldmap.cpp(206): warning C4018: '<': signed/unsigned mismatch
c:\users\2339695\desktop\stephen benner\games\alpha\alpha\worldmap.cpp(368): warning C4018: '<': signed/unsigned mismatch
c:\users\2339695\desktop\stephen benner\games\alpha\alpha\worldmap.cpp(385): warning C4018: '<': signed/unsigned mismatch
c:\users\2339695\desktop\stephen benner\games\alpha\alpha\worldmap.cpp(394): warning C4018: '<': signed/unsigned mismatch
c:\users\2339695\desktop\stephen benner\games\alpha\alpha\worldmap.cpp(400): warning C4018: '<': signed/unsigned mismatch
  Generating Code...
  Alpha.vcxproj -> C:\Users\2339695\Desktop\Stephen Benner\Games\Alpha\Debug\Alpha.exe
